
> my-v0-project@0.1.0 dev
> next dev

 ⚠ Port 3000 is in use, trying 3001 instead.
 ⚠ Port 3001 is in use, trying 3002 instead.
  ▲ Next.js 14.2.16
  - Local:        http://localhost:3002
  - Experiments (use with caution):
    · webpackBuildWorker
    · parallelServerCompiles
    · parallelServerBuildTraces

 ✓ Starting...
 ✓ Ready in 1356ms
 ○ Compiling / ...
 ✓ Compiled / in 4.4s (709 modules)
 GET / 200 in 4725ms
 ✓ Compiled in 559ms (355 modules)
 ✓ Compiled in 244ms (355 modules)
 ✓ Compiled in 230ms (355 modules)
 ✓ Compiled in 245ms (355 modules)
 ✓ Compiled in 233ms (355 modules)
 ✓ Compiled in 246ms (355 modules)
 ✓ Compiled in 239ms (355 modules)
 ✓ Compiled in 248ms (355 modules)
 ✓ Compiled in 241ms (355 modules)
 ✓ Compiled in 231ms (355 modules)
 ✓ Compiled in 239ms (355 modules)
 ✓ Compiled in 233ms (355 modules)
 ✓ Compiled in 242ms (355 modules)
 ✓ Compiled in 269ms (355 modules)
 ✓ Compiled in 262ms (355 modules)
 ✓ Compiled in 287ms (355 modules)
 ✓ Compiled in 309ms (355 modules)
 ✓ Compiled in 303ms (355 modules)
 ✓ Compiled in 234ms (355 modules)
 ✓ Compiled in 239ms (355 modules)
 ✓ Compiled in 234ms (355 modules)
 ✓ Compiled in 227ms (355 modules)
 ✓ Compiled in 229ms (355 modules)
 ✓ Compiled in 230ms (355 modules)
 ✓ Compiled in 246ms (355 modules)
 ✓ Compiled in 230ms (355 modules)
 ✓ Compiled in 227ms (355 modules)
 ✓ Compiled in 487ms (355 modules)
 ✓ Compiled in 270ms (355 modules)
 ✓ Compiled in 210ms (355 modules)
 ✓ Compiled in 205ms (355 modules)
 ✓ Compiled in 202ms (355 modules)
 ✓ Compiled in 199ms (355 modules)
 ✓ Compiled in 197ms (355 modules)
 ✓ Compiled in 199ms (355 modules)
 ✓ Compiled in 194ms (355 modules)
 ✓ Compiled in 198ms (355 modules)
 ✓ Compiled in 201ms (355 modules)
 ✓ Compiled in 195ms (355 modules)
 ✓ Compiled in 205ms (355 modules)
 ✓ Compiled in 199ms (355 modules)
 ✓ Compiled in 203ms (355 modules)
 ✓ Compiled in 202ms (355 modules)
 ✓ Compiled in 198ms (355 modules)
 ✓ Compiled in 218ms (355 modules)
 ✓ Compiled in 225ms (355 modules)
 ✓ Compiled in 254ms (355 modules)
 ✓ Compiled in 241ms (355 modules)
 ✓ Compiled in 198ms (355 modules)
 ✓ Compiled in 196ms (355 modules)
 ✓ Compiled in 234ms (355 modules)
 ✓ Compiled in 244ms (355 modules)
 ✓ Compiled in 247ms (355 modules)
 ✓ Compiled in 256ms (355 modules)
 ✓ Compiled in 253ms (355 modules)
 ✓ Compiled in 248ms (355 modules)
 ✓ Compiled in 202ms (355 modules)
 ✓ Compiled in 213ms (355 modules)
 ✓ Compiled in 206ms (355 modules)
 ✓ Compiled in 210ms (355 modules)
 ✓ Compiled in 218ms (355 modules)
 ✓ Compiled in 270ms (355 modules)
 ✓ Compiled in 203ms (355 modules)
 ✓ Compiled in 204ms (355 modules)
 ✓ Compiled in 198ms (355 modules)
 ✓ Compiled in 197ms (355 modules)
 ✓ Compiled in 215ms (355 modules)
 ✓ Compiled in 196ms (355 modules)
 ✓ Compiled in 193ms (355 modules)
 ✓ Compiled in 192ms (355 modules)
 ✓ Compiled in 193ms (355 modules)
 ✓ Compiled in 196ms (355 modules)
 ✓ Compiled in 195ms (355 modules)
 ✓ Compiled in 195ms (355 modules)
 ✓ Compiled in 206ms (355 modules)
 ✓ Compiled in 214ms (355 modules)
 ✓ Compiled in 200ms (355 modules)
 ✓ Compiled in 216ms (355 modules)
 ✓ Compiled in 268ms (355 modules)
 ✓ Compiled in 233ms (355 modules)
 ✓ Compiled in 246ms (355 modules)
 ✓ Compiled in 222ms (355 modules)
 ✓ Compiled in 226ms (355 modules)
 ✓ Compiled in 266ms (355 modules)
 ✓ Compiled in 202ms (355 modules)
 ✓ Compiled in 203ms (355 modules)
 ✓ Compiled in 198ms (355 modules)
 ✓ Compiled in 192ms (355 modules)
 ✓ Compiled in 189ms (355 modules)
 ✓ Compiled in 190ms (355 modules)
 ✓ Compiled in 193ms (355 modules)
 ✓ Compiled in 194ms (355 modules)
 ✓ Compiled in 198ms (355 modules)
 ✓ Compiled in 199ms (355 modules)
 ✓ Compiled in 237ms (355 modules)
 ✓ Compiled in 241ms (355 modules)
 ✓ Compiled in 198ms (355 modules)
 ✓ Compiled in 196ms (355 modules)
 ✓ Compiled in 200ms (355 modules)
 ✓ Compiled in 202ms (355 modules)
 ✓ Compiled in 198ms (355 modules)
 ✓ Compiled in 193ms (355 modules)
 ✓ Compiled in 195ms (355 modules)
 ✓ Compiled in 205ms (355 modules)
 ✓ Compiled in 211ms (355 modules)
 ✓ Compiled in 198ms (355 modules)
 ✓ Compiled in 196ms (355 modules)
 ✓ Compiled in 193ms (355 modules)
 ✓ Compiled in 205ms (355 modules)
 ✓ Compiled in 232ms (355 modules)
 ✓ Compiled in 227ms (355 modules)
 ✓ Compiled in 224ms (355 modules)
 ✓ Compiled in 220ms (355 modules)
 ✓ Compiled in 261ms (355 modules)
 ✓ Compiled in 196ms (355 modules)
 ✓ Compiled in 199ms (355 modules)
 ✓ Compiled in 192ms (355 modules)
 ✓ Compiled in 200ms (355 modules)
 ✓ Compiled in 206ms (355 modules)
 ✓ Compiled in 198ms (355 modules)
 ✓ Compiled in 196ms (355 modules)
 ✓ Compiled in 192ms (355 modules)
 ✓ Compiled in 195ms (355 modules)
 ✓ Compiled in 194ms (355 modules)
 ✓ Compiled in 198ms (355 modules)
 ✓ Compiled in 194ms (355 modules)
 ✓ Compiled in 194ms (355 modules)
 ✓ Compiled in 212ms (355 modules)
 ✓ Compiled in 237ms (355 modules)
 ✓ Compiled in 265ms (355 modules)
 ✓ Compiled in 201ms (355 modules)
 ✓ Compiled in 202ms (355 modules)
 ✓ Compiled in 246ms (355 modules)
 ✓ Compiled in 245ms (355 modules)
 ✓ Compiled in 242ms (355 modules)
 ✓ Compiled in 242ms (355 modules)
 ✓ Compiled in 214ms (355 modules)
 ✓ Compiled in 240ms (355 modules)
 ✓ Compiled in 206ms (355 modules)
 ✓ Compiled in 195ms (355 modules)
 ✓ Compiled in 205ms (355 modules)
 ✓ Compiled in 199ms (355 modules)
 ✓ Compiled in 206ms (355 modules)
 ✓ Compiled in 217ms (355 modules)
 ✓ Compiled in 206ms (355 modules)
 ✓ Compiled in 216ms (355 modules)
 ✓ Compiled in 204ms (355 modules)
 ✓ Compiled in 197ms (355 modules)
 ✓ Compiled in 221ms (355 modules)
 ✓ Compiled in 213ms (355 modules)
 ✓ Compiled in 205ms (355 modules)
 ✓ Compiled in 199ms (355 modules)
 ✓ Compiled in 194ms (355 modules)
 ✓ Compiled in 193ms (355 modules)
 ✓ Compiled in 196ms (355 modules)
 ✓ Compiled in 197ms (355 modules)
 ✓ Compiled in 193ms (355 modules)
 ✓ Compiled in 194ms (355 modules)
 ✓ Compiled in 199ms (355 modules)
 ✓ Compiled in 199ms (355 modules)
 ✓ Compiled in 193ms (355 modules)
 ✓ Compiled in 199ms (355 modules)
 ✓ Compiled in 201ms (355 modules)
 ✓ Compiled in 296ms (355 modules)
 ✓ Compiled in 214ms (355 modules)
 ✓ Compiled in 203ms (355 modules)
 ✓ Compiled in 199ms (355 modules)
 ✓ Compiled in 193ms (355 modules)
 ✓ Compiled in 193ms (355 modules)
 ✓ Compiled in 222ms (355 modules)
 ✓ Compiled in 196ms (355 modules)
 ✓ Compiled in 195ms (355 modules)
 ✓ Compiled in 192ms (355 modules)
 ✓ Compiled in 192ms (355 modules)
 ✓ Compiled in 191ms (355 modules)
 ✓ Compiled in 194ms (355 modules)
 ✓ Compiled in 212ms (355 modules)
 ✓ Compiled in 195ms (355 modules)
 ✓ Compiled in 195ms (355 modules)
 ✓ Compiled in 197ms (355 modules)
 ✓ Compiled in 198ms (355 modules)
 ✓ Compiled in 193ms (355 modules)
 ✓ Compiled in 193ms (355 modules)
 ✓ Compiled in 213ms (355 modules)
 ✓ Compiled in 197ms (355 modules)
 ✓ Compiled in 191ms (355 modules)
 ✓ Compiled in 193ms (355 modules)
 ✓ Compiled in 191ms (355 modules)
 ✓ Compiled in 193ms (355 modules)
 ✓ Compiled in 190ms (355 modules)
 ✓ Compiled in 191ms (355 modules)
 ✓ Compiled in 193ms (355 modules)
 ✓ Compiled in 193ms (355 modules)
 ✓ Compiled in 209ms (355 modules)
 ✓ Compiled in 193ms (355 modules)
 ✓ Compiled in 197ms (355 modules)
 ✓ Compiled in 196ms (355 modules)
 ✓ Compiled in 212ms (355 modules)
 ✓ Compiled in 298ms (355 modules)
 ✓ Compiled in 281ms (355 modules)
 ✓ Compiled in 205ms (355 modules)
 ✓ Compiled in 224ms (355 modules)
 ✓ Compiled in 216ms (355 modules)
 ✓ Compiled in 215ms (355 modules)
 ✓ Compiled in 194ms (355 modules)
 ✓ Compiled in 189ms (355 modules)
 ✓ Compiled in 195ms (355 modules)
 ✓ Compiled in 197ms (355 modules)
 ✓ Compiled in 196ms (355 modules)
 ✓ Compiled in 195ms (355 modules)
 ✓ Compiled in 199ms (355 modules)
 ✓ Compiled in 197ms (355 modules)
 ✓ Compiled in 192ms (355 modules)
 ✓ Compiled in 193ms (355 modules)
 ✓ Compiled in 192ms (355 modules)
 ✓ Compiled in 199ms (355 modules)
 ✓ Compiled in 200ms (355 modules)
 ✓ Compiled in 194ms (355 modules)
 ✓ Compiled in 194ms (355 modules)
 ✓ Compiled in 196ms (355 modules)
 ✓ Compiled in 214ms (355 modules)
 ✓ Compiled in 192ms (355 modules)
 ✓ Compiled in 237ms (355 modules)
 ✓ Compiled in 198ms (355 modules)
 ✓ Compiled in 194ms (355 modules)
 ✓ Compiled in 196ms (355 modules)
 ✓ Compiled in 216ms (355 modules)
 ✓ Compiled in 225ms (355 modules)
 ✓ Compiled in 247ms (355 modules)
 ✓ Compiled in 240ms (355 modules)
 ✓ Compiled in 233ms (355 modules)
 ✓ Compiled in 234ms (355 modules)
 ✓ Compiled in 259ms (355 modules)
 ✓ Compiled in 220ms (355 modules)
 ✓ Compiled in 221ms (355 modules)
 ✓ Compiled in 215ms (355 modules)
 ✓ Compiled in 220ms (355 modules)
 ✓ Compiled in 211ms (355 modules)
 ✓ Compiled in 216ms (355 modules)
 ✓ Compiled in 211ms (355 modules)
 ✓ Compiled in 216ms (355 modules)
 ✓ Compiled in 214ms (355 modules)
 ✓ Compiled in 209ms (355 modules)
 ✓ Compiled in 210ms (355 modules)
 ✓ Compiled in 214ms (355 modules)
 ✓ Compiled in 241ms (355 modules)
 ✓ Compiled in 228ms (355 modules)
 ✓ Compiled in 227ms (355 modules)
 ✓ Compiled in 219ms (355 modules)
 ✓ Compiled in 222ms (355 modules)
 ✓ Compiled in 219ms (355 modules)
 ✓ Compiled in 221ms (355 modules)
 ✓ Compiled in 222ms (355 modules)
 ✓ Compiled in 357ms (355 modules)
 ✓ Compiled in 220ms (355 modules)
 ✓ Compiled in 217ms (355 modules)
 ✓ Compiled in 215ms (355 modules)
 ✓ Compiled in 213ms (355 modules)
 ✓ Compiled in 214ms (355 modules)
 ✓ Compiled in 202ms (355 modules)
 ✓ Compiled in 203ms (355 modules)
 ✓ Compiled in 212ms (355 modules)
 ✓ Compiled in 208ms (355 modules)
 ✓ Compiled in 207ms (355 modules)
 ✓ Compiled in 212ms (355 modules)
 ✓ Compiled in 210ms (355 modules)
 ✓ Compiled in 222ms (355 modules)
 ✓ Compiled in 217ms (355 modules)
 ✓ Compiled in 202ms (355 modules)
 ✓ Compiled in 203ms (355 modules)
 ✓ Compiled in 197ms (355 modules)
 ✓ Compiled in 213ms (355 modules)
 ✓ Compiled in 204ms (355 modules)
 ✓ Compiled in 221ms (355 modules)
 ✓ Compiled in 231ms (355 modules)
 ✓ Compiled in 231ms (355 modules)
 ✓ Compiled in 207ms (355 modules)
 ✓ Compiled in 217ms (355 modules)
 ✓ Compiled in 209ms (355 modules)
 ✓ Compiled in 221ms (355 modules)
 ✓ Compiled in 207ms (355 modules)
 ✓ Compiled in 210ms (355 modules)
 ✓ Compiled in 201ms (355 modules)
 ✓ Compiled in 201ms (355 modules)
 ✓ Compiled in 205ms (355 modules)
 ✓ Compiled in 209ms (355 modules)
 ✓ Compiled in 222ms (355 modules)
 ✓ Compiled in 267ms (355 modules)
 ✓ Compiled in 203ms (355 modules)
 ✓ Compiled in 196ms (355 modules)
 ✓ Compiled in 203ms (355 modules)
 ✓ Compiled in 196ms (355 modules)
 ✓ Compiled in 198ms (355 modules)
 ✓ Compiled in 190ms (355 modules)
 ✓ Compiled in 193ms (355 modules)
 ✓ Compiled in 195ms (355 modules)
 ✓ Compiled in 198ms (355 modules)
 ✓ Compiled in 198ms (355 modules)
 ✓ Compiled in 202ms (355 modules)
 ✓ Compiled in 193ms (355 modules)
 ✓ Compiled in 196ms (355 modules)
 ✓ Compiled in 193ms (355 modules)
 ✓ Compiled in 197ms (355 modules)
 ✓ Compiled in 197ms (355 modules)
 ✓ Compiled in 194ms (355 modules)
 ✓ Compiled in 195ms (355 modules)
 ✓ Compiled in 191ms (355 modules)
 ✓ Compiled in 193ms (355 modules)
 ✓ Compiled in 208ms (355 modules)
 ✓ Compiled in 195ms (355 modules)
 ✓ Compiled in 194ms (355 modules)
 ✓ Compiled in 194ms (355 modules)
 ✓ Compiled in 195ms (355 modules)
 ✓ Compiled in 197ms (355 modules)
 ✓ Compiled in 199ms (355 modules)
 ✓ Compiled in 199ms (355 modules)
 ✓ Compiled in 216ms (355 modules)
 ✓ Compiled in 193ms (355 modules)
 ✓ Compiled in 195ms (355 modules)
 ✓ Compiled in 199ms (355 modules)
 ✓ Compiled in 224ms (355 modules)
 ✓ Compiled in 288ms (355 modules)
 ✓ Compiled in 204ms (355 modules)
 ✓ Compiled in 202ms (355 modules)
 ✓ Compiled in 207ms (355 modules)
 ✓ Compiled in 202ms (355 modules)
 ✓ Compiled in 194ms (355 modules)
 ✓ Compiled in 213ms (355 modules)
 ✓ Compiled in 200ms (355 modules)
 ✓ Compiled in 195ms (355 modules)
 ✓ Compiled in 197ms (355 modules)
 ✓ Compiled in 199ms (355 modules)
 ✓ Compiled in 196ms (355 modules)
 ✓ Compiled in 200ms (355 modules)
 ✓ Compiled in 191ms (355 modules)
 ✓ Compiled in 192ms (355 modules)
 ✓ Compiled in 193ms (355 modules)
 ✓ Compiled in 191ms (355 modules)
 ✓ Compiled in 190ms (355 modules)
 ✓ Compiled in 191ms (355 modules)
 ✓ Compiled in 190ms (355 modules)
 ✓ Compiled in 191ms (355 modules)
 ✓ Compiled in 196ms (355 modules)
 ✓ Compiled in 197ms (355 modules)
 ✓ Compiled in 199ms (355 modules)
 ✓ Compiled in 196ms (355 modules)
 ✓ Compiled in 192ms (355 modules)
 ✓ Compiled in 193ms (355 modules)
 ✓ Compiled in 194ms (355 modules)
 ✓ Compiled in 193ms (355 modules)
 ✓ Compiled in 192ms (355 modules)
 ✓ Compiled in 193ms (355 modules)
 ✓ Compiled in 198ms (355 modules)
 ✓ Compiled in 193ms (355 modules)
 ✓ Compiled in 223ms (355 modules)
 ✓ Compiled in 237ms (355 modules)
 ✓ Compiled in 202ms (355 modules)
 ✓ Compiled in 199ms (355 modules)
 ✓ Compiled in 195ms (355 modules)
 ✓ Compiled in 197ms (355 modules)
 ✓ Compiled in 196ms (355 modules)
 ✓ Compiled in 195ms (355 modules)
 ✓ Compiled in 193ms (355 modules)
 ✓ Compiled in 192ms (355 modules)
 ✓ Compiled in 194ms (355 modules)
 ✓ Compiled in 191ms (355 modules)
 ✓ Compiled in 192ms (355 modules)
 ✓ Compiled in 199ms (355 modules)
 ✓ Compiled in 195ms (355 modules)
 ✓ Compiled in 192ms (355 modules)
 ✓ Compiled in 190ms (355 modules)
 ✓ Compiled in 189ms (355 modules)
 ✓ Compiled in 194ms (355 modules)
 ✓ Compiled in 191ms (355 modules)
 ✓ Compiled in 200ms (355 modules)
 ✓ Compiled in 208ms (355 modules)
 ✓ Compiled in 195ms (355 modules)
 ✓ Compiled in 193ms (355 modules)
 ✓ Compiled in 201ms (355 modules)
 ✓ Compiled in 194ms (355 modules)
 ✓ Compiled in 194ms (355 modules)
 ✓ Compiled in 196ms (355 modules)
 ✓ Compiled in 195ms (355 modules)
 ✓ Compiled in 195ms (355 modules)
 ✓ Compiled in 194ms (355 modules)
 ✓ Compiled in 193ms (355 modules)
 ✓ Compiled in 192ms (355 modules)
 ✓ Compiled in 189ms (355 modules)
 ✓ Compiled in 197ms (355 modules)
 ✓ Compiled in 225ms (355 modules)
 ✓ Compiled in 258ms (355 modules)
 ✓ Compiled in 195ms (355 modules)
 ✓ Compiled in 194ms (355 modules)
 ✓ Compiled in 200ms (355 modules)
 ✓ Compiled in 201ms (355 modules)
 ✓ Compiled in 194ms (355 modules)
 ✓ Compiled in 192ms (355 modules)
 ✓ Compiled in 213ms (355 modules)
 ✓ Compiled in 193ms (355 modules)
 ✓ Compiled in 199ms (355 modules)
 ✓ Compiled in 195ms (355 modules)
 ✓ Compiled in 196ms (355 modules)
 ✓ Compiled in 199ms (355 modules)
 ✓ Compiled in 194ms (355 modules)
 ✓ Compiled in 194ms (355 modules)
 ✓ Compiled in 197ms (355 modules)
 ✓ Compiled in 198ms (355 modules)
 ✓ Compiled in 197ms (355 modules)
 ✓ Compiled in 201ms (355 modules)
 ✓ Compiled in 226ms (355 modules)
 ✓ Compiled in 210ms (355 modules)
 ✓ Compiled in 208ms (355 modules)
 ✓ Compiled in 203ms (355 modules)
 ✓ Compiled in 196ms (355 modules)
 ✓ Compiled in 195ms (355 modules)
 ✓ Compiled in 197ms (355 modules)
 ✓ Compiled in 196ms (355 modules)
 ✓ Compiled in 194ms (355 modules)
 ✓ Compiled in 196ms (355 modules)
 ✓ Compiled in 199ms (355 modules)
 ✓ Compiled in 198ms (355 modules)
 ✓ Compiled in 197ms (355 modules)
 ✓ Compiled in 204ms (355 modules)
 ✓ Compiled in 199ms (355 modules)
 ✓ Compiled in 219ms (355 modules)
 ✓ Compiled in 263ms (355 modules)
 ✓ Compiled in 200ms (355 modules)
 ✓ Compiled in 203ms (355 modules)
 ✓ Compiled in 196ms (355 modules)
